{"/Users/macbook/github.com/leenawat/vue-jest-cypress-to-sonarqube-server/src/components/HelloWorld.vue": {"path":"/Users/macbook/github.com/leenawat/vue-jest-cypress-to-sonarqube-server/src/components/HelloWorld.vue","statementMap":{"0":{"start":{"line":36,"column":0},"end":{"line":null,"column":-1}},"1":{"start":{"line":39,"column":0},"end":{"line":null,"column":-1}},"2":{"start":{"line":40,"column":0},"end":{"line":null,"column":-1}}},"fnMap":{},"branchMap":{},"s":{"0":1,"1":2,"2":1},"f":{},"b":{}}
,"/Users/macbook/github.com/leenawat/vue-jest-cypress-to-sonarqube-server/tests/unit/example.spec.ts": {"path":"/Users/macbook/github.com/leenawat/vue-jest-cypress-to-sonarqube-server/tests/unit/example.spec.ts","statementMap":{"0":{"start":{"line":4,"column":0},"end":{"line":12,"column":2}},"1":{"start":{"line":5,"column":2},"end":{"line":11,"column":4}},"2":{"start":{"line":6,"column":16},"end":{"line":6,"column":29}},"3":{"start":{"line":7,"column":20},"end":{"line":9,"column":6}},"4":{"start":{"line":10,"column":4},"end":{"line":10,"column":39}}},"fnMap":{"0":{"name":"(anonymous_0)","decl":{"start":{"line":4,"column":27},"end":{"line":4,"column":29}},"loc":{"start":{"line":4,"column":32},"end":{"line":12,"column":1}}},"1":{"name":"(anonymous_1)","decl":{"start":{"line":5,"column":38},"end":{"line":5,"column":40}},"loc":{"start":{"line":5,"column":43},"end":{"line":11,"column":3}}}},"branchMap":{},"s":{"0":1,"1":1,"2":1,"3":1,"4":1},"f":{"0":1,"1":1},"b":{}}
}
